<?xml version="1.0" encoding="UTF-8"?>
<!-- Generated by org.testng.reporters.JUnitXMLReporter -->
<testsuite ignored="0" hostname="HSPUNELP122" failures="1" tests="1" name="Test" time="8.809" errors="0" timestamp="2025-01-07T19:28:37 IST">
  <testcase classname="com.Epicon.TestCases.Epicon_TC01_Login" name="login" time="1.825">
    <failure type="java.lang.AssertionError" message="expected [true] but found [false]">
      <![CDATA[java.lang.AssertionError: expected [true] but found [false]
at com.Epicon.TestCases.Epicon_TC01_Login.login(Epicon_TC01_Login.java:47)
at java.base/java.util.ArrayList.forEach(ArrayList.java:1597)
... Removed 29 stack frames]]>
    </failure>
  </testcase> <!-- login -->
</testsuite> <!-- Test -->
