<?xml version="1.0" encoding="UTF-8"?>
<testng-results ignored="0" total="1" passed="1" failed="0" skipped="0">
  <reporter-output>
  </reporter-output>
  <suite started-at="2025-01-07T22:57:17 IST" name="Suite" finished-at="2025-01-07T22:57:27 IST" duration-ms="9683">
    <groups>
    </groups>
    <test started-at="2025-01-07T22:57:17 IST" name="Test" finished-at="2025-01-07T22:57:27 IST" duration-ms="9683">
      <class name="com.Epicon.TestCases.Epicon_TC01_Login">
        <test-method is-config="true" signature="Setup()[pri:0, instance:com.Epicon.TestCases.Epicon_TC01_Login@1b7cc17c]" started-at="2025-01-07T22:57:18 IST" name="Setup" finished-at="2025-01-07T22:57:24 IST" duration-ms="6568" status="PASS">
          <reporter-output>
          </reporter-output>
        </test-method> <!-- Setup -->
        <test-method signature="login()[pri:0, instance:com.Epicon.TestCases.Epicon_TC01_Login@1b7cc17c]" started-at="2025-01-07T22:57:24 IST" name="login" finished-at="2025-01-07T22:57:26 IST" duration-ms="1876" status="PASS">
          <reporter-output>
          </reporter-output>
        </test-method> <!-- login -->
        <test-method is-config="true" signature="TearDown()[pri:0, instance:com.Epicon.TestCases.Epicon_TC01_Login@1b7cc17c]" started-at="2025-01-07T22:57:26 IST" name="TearDown" finished-at="2025-01-07T22:57:27 IST" duration-ms="666" status="PASS">
          <reporter-output>
          </reporter-output>
        </test-method> <!-- TearDown -->
      </class> <!-- com.Epicon.TestCases.Epicon_TC01_Login -->
    </test> <!-- Test -->
  </suite> <!-- Suite -->
</testng-results>
