<?xml version="1.0" encoding="UTF-8"?>
<testng-results ignored="0" total="1" passed="1" failed="0" skipped="0">
  <reporter-output>
  </reporter-output>
  <suite started-at="2025-01-23T18:38:51 IST" name="Default suite" finished-at="2025-01-23T18:39:11 IST" duration-ms="19429">
    <groups>
    </groups>
    <test started-at="2025-01-23T18:38:51 IST" name="Default test" finished-at="2025-01-23T18:39:11 IST" duration-ms="19429">
      <class name="com.Epicon.PageObject.LoginEpic">
        <test-method signature="test()[pri:0, instance:com.Epicon.PageObject.LoginEpic@bccb269]" started-at="2025-01-23T18:38:51 IST" name="test" finished-at="2025-01-23T18:39:11 IST" duration-ms="19373" status="PASS">
          <reporter-output>
          </reporter-output>
        </test-method> <!-- test -->
      </class> <!-- com.Epicon.PageObject.LoginEpic -->
    </test> <!-- Default test -->
  </suite> <!-- Default suite -->
</testng-results>
