<?xml version="1.0" encoding="UTF-8"?>
<testng-results ignored="0" total="1" passed="1" failed="0" skipped="0">
  <reporter-output>
  </reporter-output>
  <suite started-at="2025-04-28T18:18:18 IST" name="Suite" finished-at="2025-04-28T18:18:30 IST" duration-ms="12442">
    <groups>
    </groups>
    <test started-at="2025-04-28T18:18:18 IST" name="Test" finished-at="2025-04-28T18:18:30 IST" duration-ms="12442">
      <class name="com.Epicon.TestCases.Epicon_TC01_Login">
        <test-method is-config="true" signature="Setup()[pri:0, instance:com.Epicon.TestCases.Epicon_TC01_Login@33aeca0b]" started-at="2025-04-28T18:18:18 IST" name="Setup" finished-at="2025-04-28T18:18:25 IST" duration-ms="7222" status="PASS">
          <reporter-output>
          </reporter-output>
        </test-method> <!-- Setup -->
        <test-method signature="login()[pri:0, instance:com.Epicon.TestCases.Epicon_TC01_Login@33aeca0b]" started-at="2025-04-28T18:18:25 IST" name="login" finished-at="2025-04-28T18:18:29 IST" duration-ms="4029" status="PASS">
          <reporter-output>
          </reporter-output>
        </test-method> <!-- login -->
        <test-method is-config="true" signature="TearDown()[pri:0, instance:com.Epicon.TestCases.Epicon_TC01_Login@33aeca0b]" started-at="2025-04-28T18:18:29 IST" name="TearDown" finished-at="2025-04-28T18:18:30 IST" duration-ms="880" status="PASS">
          <reporter-output>
          </reporter-output>
        </test-method> <!-- TearDown -->
      </class> <!-- com.Epicon.TestCases.Epicon_TC01_Login -->
    </test> <!-- Test -->
  </suite> <!-- Suite -->
</testng-results>
